<?xml version="1.0" encoding="UTF-8"?>
<!-- Generated by org.testng.reporters.JUnitReportReporter -->
<testsuite hostname="Aceron" name="io.flashboard.testsuites.NavigationTest" tests="2" failures="0" timestamp="20 Dec 2017 18:09:35 GMT" time="1.738" errors="0">
  <testcase name="navbarTest" time="0.827" classname="io.flashboard.testsuites.NavigationTest"/>
  <testcase name="loginModalOpenAndCloseTest" time="0.911" classname="io.flashboard.testsuites.NavigationTest"/>
</testsuite> <!-- io.flashboard.testsuites.NavigationTest -->
